Unity Editor version:    2022.1.21f1 (9ac1ff5ca45b)
Branch:                  2022.1/release
Build type:              Release
Batch mode:              YES
macOS version:           Version 12.6 (Build 21G115)
Darwin version:          21.6.0
Architecture:            x86_64
Running under Rosetta:   NO
Available memory:        32768 MB
Using pre-set license
Pro License: YES

COMMAND LINE ARGUMENTS:
/Applications/Unity/Hub/Editor/2022.1.21f1/Unity.app/Contents/MacOS/Unity
-adb2
-batchMode
-noUpm
-name
AssetImportWorker0
-projectPath
/Users/yutasato/univ_exp/dev/VR_egg_project
-logFile
Logs/AssetImportWorker0.log
-srvPort
49896
Successfully changed project path to: /Users/yutasato/univ_exp/dev/VR_egg_project
/Users/yutasato/univ_exp/dev/VR_egg_project
[UnityMemory] Configuration Parameters - Can be set up in boot.config
    "memorysetup-bucket-allocator-granularity=16"
    "memorysetup-bucket-allocator-bucket-count=8"
    "memorysetup-bucket-allocator-block-size=33554432"
    "memorysetup-bucket-allocator-block-count=8"
    "memorysetup-main-allocator-block-size=16777216"
    "memorysetup-thread-allocator-block-size=16777216"
    "memorysetup-gfx-main-allocator-block-size=16777216"
    "memorysetup-gfx-thread-allocator-block-size=16777216"
    "memorysetup-cache-allocator-block-size=4194304"
    "memorysetup-typetree-allocator-block-size=2097152"
    "memorysetup-profiler-bucket-allocator-granularity=16"
    "memorysetup-profiler-bucket-allocator-bucket-count=8"
    "memorysetup-profiler-bucket-allocator-block-size=33554432"
    "memorysetup-profiler-bucket-allocator-block-count=8"
    "memorysetup-profiler-allocator-block-size=16777216"
    "memorysetup-profiler-editor-allocator-block-size=1048576"
    "memorysetup-temp-allocator-size-main=16777216"
    "memorysetup-job-temp-allocator-block-size=2097152"
    "memorysetup-job-temp-allocator-block-size-background=1048576"
    "memorysetup-job-temp-allocator-reduction-small-platforms=262144"
    "memorysetup-temp-allocator-size-background-worker=32768"
    "memorysetup-temp-allocator-size-job-worker=262144"
    "memorysetup-temp-allocator-size-preload-manager=33554432"
    "memorysetup-temp-allocator-size-nav-mesh-worker=65536"
    "memorysetup-temp-allocator-size-audio-worker=65536"
    "memorysetup-temp-allocator-size-cloud-worker=32768"
    "memorysetup-temp-allocator-size-gi-baking-worker=262144"
    "memorysetup-temp-allocator-size-gfx=262144"
Refreshing native plugins compatible for Editor in 78.36 ms, found 2 plugins.
Preloading 0 native plugins for Editor in 0.00 ms.
Initialize engine version: 2022.1.21f1 (9ac1ff5ca45b)
[Subsystems] Discovering subsystems at path /Applications/Unity/Hub/Editor/2022.1.21f1/Unity.app/Contents/Resources/UnitySubsystems
[Subsystems] Discovering subsystems at path /Users/yutasato/univ_exp/dev/VR_egg_project/Assets
GfxDevice: creating device client; threaded=0; jobified=0
Color LCD preferred device: Intel(R) Iris(TM) Plus Graphics (low power)
Metal devices available: 1
0: Intel(R) Iris(TM) Plus Graphics (low power)
Using device Intel(R) Iris(TM) Plus Graphics (low power)
Initializing Metal device caps: Intel(R) Iris(TM) Plus Graphics
Initialize mono
Mono path[0] = '/Applications/Unity/Hub/Editor/2022.1.21f1/Unity.app/Contents/Managed'
Mono path[1] = '/Applications/Unity/Hub/Editor/2022.1.21f1/Unity.app/Contents/MonoBleedingEdge/lib/mono/unityjit-macos'
Mono config path = '/Applications/Unity/Hub/Editor/2022.1.21f1/Unity.app/Contents/MonoBleedingEdge/etc'
Using monoOptions --debugger-agent=transport=dt_socket,embedding=1,server=y,suspend=n,address=127.0.0.1:56516
Begin MonoManager ReloadAssembly
Registering precompiled unity dll's ...
Register platform support module: /Applications/Unity/Hub/Editor/2022.1.21f1/Unity.app/Contents/PlaybackEngines/MacStandaloneSupport/UnityEditor.OSXStandalone.Extensions.dll
Registered in 0.001621 seconds.
Native extension for OSXStandalone target not found
Refreshing native plugins compatible for Editor in 81.15 ms, found 2 plugins.
Preloading 0 native plugins for Editor in 0.00 ms.
Mono: successfully reloaded assembly
- Completed reload, in  1.517 seconds
Domain Reload Profiling:
	ReloadAssembly (1518ms)
		BeginReloadAssembly (165ms)
			ExecutionOrderSort (0ms)
			DisableScriptedObjects (0ms)
			BackupInstance (0ms)
			ReleaseScriptingObjects (0ms)
			CreateAndSetChildDomain (2ms)
		EndReloadAssembly (1095ms)
			LoadAssemblies (163ms)
			RebuildTransferFunctionScriptingTraits (0ms)
			SetupTypeCache (311ms)
				TypeCache.Initialize (310ms)
					TypeCache.ScanAssembly (306ms)
				ResolveRequiredComponents (1ms)
			ReleaseScriptCaches (0ms)
			RebuildScriptCaches (92ms)
			SetupLoadedEditorAssemblies (566ms)
				LogAssemblyErrors (0ms)
				InitializePlatformSupportModulesInManaged (18ms)
				SetLoadedEditorAssemblies (15ms)
				RefreshPlugins (81ms)
				BeforeProcessingInitializeOnLoad (4ms)
				ProcessInitializeOnLoadAttributes (345ms)
				ProcessInitializeOnLoadMethodAttributes (103ms)
				AfterProcessingInitializeOnLoad (0ms)
				EditorAssembliesLoaded (0ms)
			ExecutionOrderSort2 (0ms)
			AwakeInstancesAfterBackupRestoration (0ms)
Platform modules already initialized, skipping
Registering precompiled user dll's ...
Registered in 0.002914 seconds.
Begin MonoManager ReloadAssembly
Native extension for OSXStandalone target not found
Refreshing native plugins compatible for Editor in 0.81 ms, found 2 plugins.
Preloading 0 native plugins for Editor in 0.00 ms.
Mono: successfully reloaded assembly
- Completed reload, in  2.122 seconds
Domain Reload Profiling:
	ReloadAssembly (2124ms)
		BeginReloadAssembly (259ms)
			ExecutionOrderSort (0ms)
			DisableScriptedObjects (14ms)
			BackupInstance (0ms)
			ReleaseScriptingObjects (0ms)
			CreateAndSetChildDomain (56ms)
		EndReloadAssembly (1546ms)
			LoadAssemblies (140ms)
			RebuildTransferFunctionScriptingTraits (0ms)
			SetupTypeCache (509ms)
				TypeCache.Initialize (502ms)
					TypeCache.ScanAssembly (498ms)
				ResolveRequiredComponents (6ms)
			ReleaseScriptCaches (1ms)
			RebuildScriptCaches (93ms)
			SetupLoadedEditorAssemblies (742ms)
				LogAssemblyErrors (0ms)
				InitializePlatformSupportModulesInManaged (7ms)
				SetLoadedEditorAssemblies (9ms)
				RefreshPlugins (1ms)
				BeforeProcessingInitializeOnLoad (101ms)
				ProcessInitializeOnLoadAttributes (579ms)
				ProcessInitializeOnLoadMethodAttributes (42ms)
				AfterProcessingInitializeOnLoad (1ms)
				EditorAssembliesLoaded (0ms)
			ExecutionOrderSort2 (0ms)
			AwakeInstancesAfterBackupRestoration (6ms)
Platform modules already initialized, skipping
========================================================================
Worker process is ready to serve import requests
Launching external process: /Applications/Unity/Hub/Editor/2022.1.21f1/Unity.app/Contents/Tools/UnityShaderCompiler
Launched and connected shader compiler UnityShaderCompiler after 0.09 seconds
Refreshing native plugins compatible for Editor in 1.02 ms, found 2 plugins.
Preloading 0 native plugins for Editor in 0.00 ms.
Unloading 1858 Unused Serialized files (Serialized files now loaded: 0)
Unloading 23 unused Assets / (0.5 MB). Loaded Objects now: 2343.
Memory consumption went from 443.6 MB to 443.1 MB.
Total: 7.102588 ms (FindLiveObjects: 0.398553 ms CreateObjectMapping: 0.191355 ms MarkObjects: 5.383446 ms  DeleteObjects: 1.127499 ms)

AssetImportParameters requested are different than current active one (requested -> active):
  custom:video-decoder-ogg-theora: a1e56fd34408186e4bbccfd4996cb3dc -> 
  custom:container-muxer-webm: aa71ff27fc2769a1b78a27578f13a17b -> 
  custom:container-demuxer-webm: 4f35f7cbe854078d1ac9338744f61a02 -> 
  custom:video-encoder-webm-vp8: eb34c28f22e8b96e1ab97ce403110664 -> 
  custom:framework-osx-AVFoundation: e770b220cccbd017edd2c1fefb359320 -> 
  custom:audio-encoder-webm-vorbis: bf7c407c2cedff20999df2af8eb42d56 -> 
  custom:container-demuxer-ogg: 62fdf1f143b41e24485cea50d1cbac27 -> 
  custom:video-decoder-webm-vp8: 9c59270c3fd7afecdb556c50c9e8de78 -> 
  custom:audio-decoder-ogg-vorbis: bf7c407c2cedff20999df2af8eb42d56 -> 
========================================================================
Received Import Request.
  Time since last request: 58517.939244 seconds.
  path: Assets/Scenes/lobbySceneSettings.lighting
  artifactKey: Guid(df5312c15f3224237a05bd09f4984fa4) Importer(815301076,1909f56bfc062723c751e8b465ee728b)
Start importing Assets/Scenes/lobbySceneSettings.lighting using Guid(df5312c15f3224237a05bd09f4984fa4) Importer(815301076,1909f56bfc062723c751e8b465ee728b)  -> (artifact id: 'a923324a33c20eb95bf01f1c8c50b75c') in 0.192565 seconds 
========================================================================
Received Import Request.
  Time since last request: 345.019003 seconds.
  path: Assets
  artifactKey: Guid(00000000000000001000000000000000) Importer(815301076,1909f56bfc062723c751e8b465ee728b)
Start importing Assets using Guid(00000000000000001000000000000000) Importer(815301076,1909f56bfc062723c751e8b465ee728b)  -> (artifact id: '643dbe22ecb75e7bba7c4df53f6b1cbf') in 0.001360 seconds 
========================================================================
Received Import Request.
  Time since last request: 15.462279 seconds.
  path: Assets/scripts
  artifactKey: Guid(1fe37a2aeb0424cfcb0f617499afd0c0) Importer(815301076,1909f56bfc062723c751e8b465ee728b)
Start importing Assets/scripts using Guid(1fe37a2aeb0424cfcb0f617499afd0c0) Importer(815301076,1909f56bfc062723c751e8b465ee728b)  -> (artifact id: '3f8f8af478ee9dd12316d6e21a7417ad') in 0.002125 seconds 
========================================================================
Received Import Request.
  Time since last request: 9.373056 seconds.
  path: Assets/scripts/lobby
  artifactKey: Guid(38a248c39e9dd43a6b75354de9891bb5) Importer(815301076,1909f56bfc062723c751e8b465ee728b)
Start importing Assets/scripts/lobby using Guid(38a248c39e9dd43a6b75354de9891bb5) Importer(815301076,1909f56bfc062723c751e8b465ee728b)  -> (artifact id: '878f0c21b2da337a4294f6258305af23') in 0.001637 seconds 
========================================================================
Received Import Request.
  Time since last request: 7.831719 seconds.
  path: Assets/scripts/game
  artifactKey: Guid(0bdafcddc7a55474a9d72e1b47831f10) Importer(815301076,1909f56bfc062723c751e8b465ee728b)
Start importing Assets/scripts/game using Guid(0bdafcddc7a55474a9d72e1b47831f10) Importer(815301076,1909f56bfc062723c751e8b465ee728b)  -> (artifact id: '6f9545f4a7621dbe764385ee5952b07c') in 0.001869 seconds 
========================================================================
Received Import Request.
  Time since last request: 21.057290 seconds.
  path: Assets/scripts/lobby/one_min_choice.cs
  artifactKey: Guid(a13f9e18ad25945b3a7f66f30d5d5a21) Importer(815301076,1909f56bfc062723c751e8b465ee728b)
Start importing Assets/scripts/lobby/one_min_choice.cs using Guid(a13f9e18ad25945b3a7f66f30d5d5a21) Importer(815301076,1909f56bfc062723c751e8b465ee728b)  -> (artifact id: 'fa3389bb95c23f02fb92744b0744096c') in 0.624606 seconds 
========================================================================
Received Prepare
Registering precompiled user dll's ...
Registered in 0.002456 seconds.
Begin MonoManager ReloadAssembly
Native extension for OSXStandalone target not found
Refreshing native plugins compatible for Editor in 0.48 ms, found 2 plugins.
Preloading 0 native plugins for Editor in 0.00 ms.
Mono: successfully reloaded assembly
- Completed reload, in  1.281 seconds
Domain Reload Profiling:
	ReloadAssembly (1282ms)
		BeginReloadAssembly (142ms)
			ExecutionOrderSort (0ms)
			DisableScriptedObjects (7ms)
			BackupInstance (0ms)
			ReleaseScriptingObjects (0ms)
			CreateAndSetChildDomain (45ms)
		EndReloadAssembly (992ms)
			LoadAssemblies (69ms)
			RebuildTransferFunctionScriptingTraits (0ms)
			SetupTypeCache (305ms)
				TypeCache.Initialize (300ms)
					TypeCache.ScanAssembly (296ms)
				ResolveRequiredComponents (5ms)
			ReleaseScriptCaches (1ms)
			RebuildScriptCaches (74ms)
			SetupLoadedEditorAssemblies (441ms)
				LogAssemblyErrors (0ms)
				InitializePlatformSupportModulesInManaged (16ms)
				SetLoadedEditorAssemblies (10ms)
				RefreshPlugins (1ms)
				BeforeProcessingInitializeOnLoad (61ms)
				ProcessInitializeOnLoadAttributes (314ms)
				ProcessInitializeOnLoadMethodAttributes (37ms)
				AfterProcessingInitializeOnLoad (1ms)
				EditorAssembliesLoaded (0ms)
			ExecutionOrderSort2 (0ms)
			AwakeInstancesAfterBackupRestoration (6ms)
Platform modules already initialized, skipping
Refreshing native plugins compatible for Editor in 1.02 ms, found 2 plugins.
Preloading 0 native plugins for Editor in 0.00 ms.
Unloading 1759 Unused Serialized files (Serialized files now loaded: 0)
Unloading 16 unused Assets / (0.5 MB). Loaded Objects now: 2348.
Memory consumption went from 430.8 MB to 430.3 MB.
Total: 3.877740 ms (FindLiveObjects: 0.156963 ms CreateObjectMapping: 0.070011 ms MarkObjects: 3.214015 ms  DeleteObjects: 0.435511 ms)

AssetImportParameters requested are different than current active one (requested -> active):
  custom:video-decoder-ogg-theora: a1e56fd34408186e4bbccfd4996cb3dc -> 
  custom:container-muxer-webm: aa71ff27fc2769a1b78a27578f13a17b -> 
  custom:container-demuxer-webm: 4f35f7cbe854078d1ac9338744f61a02 -> 
  custom:video-encoder-webm-vp8: eb34c28f22e8b96e1ab97ce403110664 -> 
  custom:framework-osx-AVFoundation: e770b220cccbd017edd2c1fefb359320 -> 
  custom:audio-encoder-webm-vorbis: bf7c407c2cedff20999df2af8eb42d56 -> 
  custom:container-demuxer-ogg: 62fdf1f143b41e24485cea50d1cbac27 -> 
  custom:video-decoder-webm-vp8: 9c59270c3fd7afecdb556c50c9e8de78 -> 
  custom:audio-decoder-ogg-vorbis: bf7c407c2cedff20999df2af8eb42d56 -> 
========================================================================
Received Import Request.
  Time since last request: 985.123853 seconds.
  path: Assets/scripts/lobby/one_min_choice.cs
  artifactKey: Guid(a13f9e18ad25945b3a7f66f30d5d5a21) Importer(815301076,1909f56bfc062723c751e8b465ee728b)
Start importing Assets/scripts/lobby/one_min_choice.cs using Guid(a13f9e18ad25945b3a7f66f30d5d5a21) Importer(815301076,1909f56bfc062723c751e8b465ee728b)  -> (artifact id: 'f4358fa736b785dc82c63acd5d698fe7') in 0.003635 seconds 
========================================================================
Received Import Request.
  Time since last request: 29.891731 seconds.
  path: Assets/scripts/lobby/three_min_.cs
  artifactKey: Guid(fb4777f42fa3c46a4bbecb7d28186de4) Importer(815301076,1909f56bfc062723c751e8b465ee728b)
Start importing Assets/scripts/lobby/three_min_.cs using Guid(fb4777f42fa3c46a4bbecb7d28186de4) Importer(815301076,1909f56bfc062723c751e8b465ee728b)  -> (artifact id: '0710d4ff2a30b35a77892eb8b36092ea') in 0.002517 seconds 
========================================================================
Received Import Request.
  Time since last request: 46.074585 seconds.
  path: Assets/scripts/lobby/three_min_choice.cs
  artifactKey: Guid(fb4777f42fa3c46a4bbecb7d28186de4) Importer(815301076,1909f56bfc062723c751e8b465ee728b)
Start importing Assets/scripts/lobby/three_min_choice.cs using Guid(fb4777f42fa3c46a4bbecb7d28186de4) Importer(815301076,1909f56bfc062723c751e8b465ee728b)  -> (artifact id: 'd303933ef5c080613c68a4fea7a6ba8f') in 0.002392 seconds 
========================================================================
Received Import Request.
  Time since last request: 41.302433 seconds.
  path: Assets/scripts/lobby/five_min_choice.cs
  artifactKey: Guid(d5d95584799e64e3ea5e5da6d188c546) Importer(815301076,1909f56bfc062723c751e8b465ee728b)
Start importing Assets/scripts/lobby/five_min_choice.cs using Guid(d5d95584799e64e3ea5e5da6d188c546) Importer(815301076,1909f56bfc062723c751e8b465ee728b)  -> (artifact id: 'a6fb1822651f5c24c099f04ffa8f9dac') in 0.002419 seconds 
========================================================================
Received Import Request.
  Time since last request: 18.661780 seconds.
  path: Assets/scripts/lobby/ten_min_choice.cs
  artifactKey: Guid(58bb0daab131747ea8c1b05220301dba) Importer(815301076,1909f56bfc062723c751e8b465ee728b)
Start importing Assets/scripts/lobby/ten_min_choice.cs using Guid(58bb0daab131747ea8c1b05220301dba) Importer(815301076,1909f56bfc062723c751e8b465ee728b)  -> (artifact id: '90302424ffb24f19f3243bfce5133719') in 0.001855 seconds 
========================================================================
Received Import Request.
  Time since last request: 89.899112 seconds.
  path: Assets/scripts/lobby/one_min_choice.cs
  artifactKey: Guid(a13f9e18ad25945b3a7f66f30d5d5a21) Importer(815301076,1909f56bfc062723c751e8b465ee728b)
Start importing Assets/scripts/lobby/one_min_choice.cs using Guid(a13f9e18ad25945b3a7f66f30d5d5a21) Importer(815301076,1909f56bfc062723c751e8b465ee728b)  -> (artifact id: '05c3ceeb868e8f1caa2499ba53812366') in 0.001825 seconds 
========================================================================
Received Import Request.
  Time since last request: 31.544361 seconds.
  path: Assets/scripts/lobby/three_min_choice.cs
  artifactKey: Guid(fb4777f42fa3c46a4bbecb7d28186de4) Importer(815301076,1909f56bfc062723c751e8b465ee728b)
Start importing Assets/scripts/lobby/three_min_choice.cs using Guid(fb4777f42fa3c46a4bbecb7d28186de4) Importer(815301076,1909f56bfc062723c751e8b465ee728b)  -> (artifact id: 'e40822766f666986a97f4bdb4cd3f165') in 0.002063 seconds 
========================================================================
Received Import Request.
  Time since last request: 74.424942 seconds.
  path: Assets/scripts/lobby/three_min_choice.cs
  artifactKey: Guid(fb4777f42fa3c46a4bbecb7d28186de4) Importer(815301076,1909f56bfc062723c751e8b465ee728b)
Start importing Assets/scripts/lobby/three_min_choice.cs using Guid(fb4777f42fa3c46a4bbecb7d28186de4) Importer(815301076,1909f56bfc062723c751e8b465ee728b)  -> (artifact id: 'f09fc6475b61e8b4c3595299e5373562') in 0.001870 seconds 
========================================================================
Received Import Request.
  Time since last request: 334.906864 seconds.
  path: Assets/scripts/lobby/three_min_choice.cs
  artifactKey: Guid(fb4777f42fa3c46a4bbecb7d28186de4) Importer(815301076,1909f56bfc062723c751e8b465ee728b)
Start importing Assets/scripts/lobby/three_min_choice.cs using Guid(fb4777f42fa3c46a4bbecb7d28186de4) Importer(815301076,1909f56bfc062723c751e8b465ee728b)  -> (artifact id: 'decf3c2446f500e729bd778462877a85') in 0.001845 seconds 
========================================================================
Received Import Request.
  Time since last request: 2.653305 seconds.
  path: Assets/scripts/lobby/ten_min_choice.cs
  artifactKey: Guid(58bb0daab131747ea8c1b05220301dba) Importer(815301076,1909f56bfc062723c751e8b465ee728b)
Start importing Assets/scripts/lobby/ten_min_choice.cs using Guid(58bb0daab131747ea8c1b05220301dba) Importer(815301076,1909f56bfc062723c751e8b465ee728b)  -> (artifact id: '5734e228e076e7729ae17df78baca1f4') in 0.001649 seconds 
========================================================================
Received Import Request.
  Time since last request: 0.989527 seconds.
  path: Assets/scripts/lobby/one_min_choice.cs
  artifactKey: Guid(a13f9e18ad25945b3a7f66f30d5d5a21) Importer(815301076,1909f56bfc062723c751e8b465ee728b)
Start importing Assets/scripts/lobby/one_min_choice.cs using Guid(a13f9e18ad25945b3a7f66f30d5d5a21) Importer(815301076,1909f56bfc062723c751e8b465ee728b)  -> (artifact id: '3fd462bf9f66adb45ed8c4d2799e293b') in 0.001815 seconds 
========================================================================
Received Import Request.
  Time since last request: 53.696767 seconds.
  path: Assets/scripts/lobby/five_min_choice.cs
  artifactKey: Guid(d5d95584799e64e3ea5e5da6d188c546) Importer(815301076,1909f56bfc062723c751e8b465ee728b)
Start importing Assets/scripts/lobby/five_min_choice.cs using Guid(d5d95584799e64e3ea5e5da6d188c546) Importer(815301076,1909f56bfc062723c751e8b465ee728b)  -> (artifact id: '01a6de448396e64a24f4c562f3c3064d') in 0.002251 seconds 
========================================================================
Received Import Request.
  Time since last request: 69.479723 seconds.
  path: Assets/scripts/lobby/three_min_choice.cs
  artifactKey: Guid(fb4777f42fa3c46a4bbecb7d28186de4) Importer(815301076,1909f56bfc062723c751e8b465ee728b)
Start importing Assets/scripts/lobby/three_min_choice.cs using Guid(fb4777f42fa3c46a4bbecb7d28186de4) Importer(815301076,1909f56bfc062723c751e8b465ee728b)  -> (artifact id: '1c5ae63b4737f79b190d14ba94497ad8') in 0.001917 seconds 
========================================================================
Received Import Request.
  Time since last request: 71.215105 seconds.
  path: Assets/scripts/lobby/three_min_choice.cs
  artifactKey: Guid(fb4777f42fa3c46a4bbecb7d28186de4) Importer(815301076,1909f56bfc062723c751e8b465ee728b)
Start importing Assets/scripts/lobby/three_min_choice.cs using Guid(fb4777f42fa3c46a4bbecb7d28186de4) Importer(815301076,1909f56bfc062723c751e8b465ee728b)  -> (artifact id: 'b2a72752b8fdfe7fe2b6b4dee473cb61') in 0.002547 seconds 
========================================================================
Received Import Request.
  Time since last request: 54.151146 seconds.
  path: Assets/scripts/lobby/ThreeChoice.cs
  artifactKey: Guid(439eaa48dee7e4301a961715578a2daa) Importer(815301076,1909f56bfc062723c751e8b465ee728b)
Start importing Assets/scripts/lobby/ThreeChoice.cs using Guid(439eaa48dee7e4301a961715578a2daa) Importer(815301076,1909f56bfc062723c751e8b465ee728b)  -> (artifact id: 'e6feb5b86a57e5309a9dfa295d5ed89c') in 0.001927 seconds 
========================================================================
Received Import Request.
  Time since last request: 15.757669 seconds.
  path: Assets/scripts/lobby/BChoice.cs
  artifactKey: Guid(e5cd14498c0864ae09fbda0e205758cf) Importer(815301076,1909f56bfc062723c751e8b465ee728b)
Start importing Assets/scripts/lobby/BChoice.cs using Guid(e5cd14498c0864ae09fbda0e205758cf) Importer(815301076,1909f56bfc062723c751e8b465ee728b)  -> (artifact id: '9247de925a266dabc3316088ed1b551d') in 0.001844 seconds 
========================================================================
Received Import Request.
  Time since last request: 42.148087 seconds.
  path: Assets/scripts/lobby/BChoice.cs
  artifactKey: Guid(e5cd14498c0864ae09fbda0e205758cf) Importer(815301076,1909f56bfc062723c751e8b465ee728b)
Start importing Assets/scripts/lobby/BChoice.cs using Guid(e5cd14498c0864ae09fbda0e205758cf) Importer(815301076,1909f56bfc062723c751e8b465ee728b)  -> (artifact id: '8418661a6576fa3ffe62d6e13ad4da5c') in 0.001939 seconds 
========================================================================
Received Import Request.
  Time since last request: 96.059453 seconds.
  path: Assets/scripts/lobby/sample.cs
  artifactKey: Guid(e3bfe631f2cbb4b9d80fe83312ffa4b7) Importer(815301076,1909f56bfc062723c751e8b465ee728b)
Start importing Assets/scripts/lobby/sample.cs using Guid(e3bfe631f2cbb4b9d80fe83312ffa4b7) Importer(815301076,1909f56bfc062723c751e8b465ee728b)  -> (artifact id: '22d79bccbbc823caf986a8a78cf0312e') in 0.002123 seconds 
========================================================================
Received Import Request.
  Time since last request: 18.128291 seconds.
  path: Assets/scripts/lobby/sample.cs
  artifactKey: Guid(e3bfe631f2cbb4b9d80fe83312ffa4b7) Importer(815301076,1909f56bfc062723c751e8b465ee728b)
Start importing Assets/scripts/lobby/sample.cs using Guid(e3bfe631f2cbb4b9d80fe83312ffa4b7) Importer(815301076,1909f56bfc062723c751e8b465ee728b)  -> (artifact id: '1d496a2de4347ed9d9d8889b4a838c6c') in 0.001930 seconds 
